#
# There is insufficient memory for the Java Runtime Environment to continue.
# Native memory allocation (malloc) failed to allocate 92656 bytes for Chunk::new
# Possible reasons:
#   The system is out of physical RAM or swap space
#   In 32 bit mode, the process size limit was hit
# Possible solutions:
#   Reduce memory load on the system
#   Increase physical memory or swap space
#   Check if swap backing store is full
#   Use 64 bit Java on a 64 bit OS
#   Decrease Java heap size (-Xmx/-Xms)
#   Decrease number of Java threads
#   Decrease Java thread stack sizes (-Xss)
#   Set larger code cache with -XX:ReservedCodeCacheSize=
# This output file may be truncated or incomplete.
#
#  Out of Memory Error (allocation.cpp:390), pid=15744, tid=0x000000000000359c
#
# JRE version: Java(TM) SE Runtime Environment (8.0_144-b01) (build 1.8.0_144-b01)
# Java VM: Java HotSpot(TM) 64-Bit Server VM (25.144-b01 mixed mode windows-amd64 compressed oops)
# Failed to write core dump. Minidumps are not enabled by default on client versions of Windows
#

---------------  T H R E A D  ---------------

Current thread (0x000000001c663000):  JavaThread "C2 CompilerThread1" daemon [_thread_in_native, id=13724, stack(0x000000001ddb0000,0x000000001deb0000)]

Stack: [0x000000001ddb0000,0x000000001deb0000]
[error occurred during error reporting (printing stack bounds), id 0xc0000005]

Native frames: (J=compiled Java code, j=interpreted, Vv=VM code, C=native code)


Current CompileTask:
C2:   2499  465   !   4       java.util.jar.Attributes::read (380 bytes)


---------------  P R O C E S S  ---------------

Java Threads: ( => current thread )
  0x000000001ed1a800 JavaThread "EMF Reference Cleaner" daemon [_thread_blocked, id=4452, stack(0x000000001edb0000,0x000000001eeb0000)]
  0x000000001dfd4000 JavaThread "Service Thread" daemon [_thread_blocked, id=6392, stack(0x000000001e3b0000,0x000000001e4b0000)]
  0x000000001c66a000 JavaThread "C1 CompilerThread2" daemon [_thread_blocked, id=7144, stack(0x000000001deb0000,0x000000001dfb0000)]
=>0x000000001c663000 JavaThread "C2 CompilerThread1" daemon [_thread_in_native, id=13724, stack(0x000000001ddb0000,0x000000001deb0000)]
  0x000000001c661000 JavaThread "C2 CompilerThread0" daemon [_thread_blocked, id=2116, stack(0x000000001dcb0000,0x000000001ddb0000)]
  0x000000001c65f000 JavaThread "Attach Listener" daemon [_thread_blocked, id=11384, stack(0x000000001dbb0000,0x000000001dcb0000)]
  0x000000001c65d800 JavaThread "Signal Dispatcher" daemon [_thread_blocked, id=10008, stack(0x000000001dab0000,0x000000001dbb0000)]
  0x000000001c64a800 JavaThread "Finalizer" daemon [_thread_blocked, id=3172, stack(0x000000001d8b0000,0x000000001d9b0000)]
  0x000000001c629000 JavaThread "Reference Handler" daemon [_thread_blocked, id=10888, stack(0x000000001d7b0000,0x000000001d8b0000)]
  0x0000000002d2e800 JavaThread "main" [_thread_in_native, id=15172, stack(0x0000000002d30000,0x0000000002e30000)]

Other Threads:
  0x000000001c627800 VMThread [stack: 0x000000001d6b0000,0x000000001d7b0000] [id=11224]
  0x000000001dfe4000 WatcherThread [stack: 0x000000001e4b0000,0x000000001e5b0000] [id=11908]

VM state:not at safepoint (normal execution)

VM Mutex/Monitor currently owned by a thread: None

Heap:
 PSYoungGen      total 76288K, used 18902K [0x000000076ad00000, 0x0000000770200000, 0x00000007c0000000)
  eden space 65536K, 28% used [0x000000076ad00000,0x000000076bf759e0,0x000000076ed00000)
  from space 10752K, 0% used [0x000000076f780000,0x000000076f780000,0x0000000770200000)
  to   space 10752K, 0% used [0x000000076ed00000,0x000000076ed00000,0x000000076f780000)
 ParOldGen       total 175104K, used 0K [0x00000006c0600000, 0x00000006cb100000, 0x000000076ad00000)
  object space 175104K, 0% used [0x00000006c0600000,0x00000006c0600000,0x00000006cb100000)
 Metaspace       used 5362K, capacity 5466K, committed 5504K, reserved 1056768K
  class space    used 594K, capacity 627K, committed 640K, reserved 1048576K

Card table byte_map: [0x0000000012390000,0x0000000012b90000] byte_map_base: 0x000000000ed8d000

Marking Bits: (ParMarkBitMap*) 0x0000000072a9d850
 Begin Bits: [0x00000000134f0000, 0x00000000174d8000)
 End Bits:   [0x00000000174d8000, 0x000000001b4c0000)

Polling page: 0x0000000002e30000

CodeCache: size=245760Kb used=2215Kb max_used=2215Kb free=243544Kb
 bounds [0x0000000002fd0000, 0x0000000003240000, 0x0000000011fd0000]
 total_blobs=770 nmethods=490 adapters=193
 compilation: enabled

Compilation events (10 events):
Event: 2.478 Thread 0x000000001c66a000  486       1       java.lang.reflect.Field::getModifiers (5 bytes)
Event: 2.478 Thread 0x000000001c66a000 nmethod 486 0x00000000031f9d10 code [0x00000000031f9e60, 0x00000000031f9f70]
Event: 2.478 Thread 0x000000001c66a000  488       1       sun.misc.URLClassPath$Loader::getBaseURL (5 bytes)
Event: 2.478 Thread 0x000000001c66a000 nmethod 488 0x00000000031f9fd0 code [0x00000000031fa120, 0x00000000031fa230]
Event: 2.478 Thread 0x000000001c66a000  489       1       java.security.CodeSigner::getSignerCertPath (5 bytes)
Event: 2.479 Thread 0x000000001c66a000 nmethod 489 0x00000000031fa290 code [0x00000000031fa3e0, 0x00000000031fa4f0]
Event: 2.479 Thread 0x000000001c66a000  490       1       sun.security.provider.certpath.X509CertPath::getCertificates (5 bytes)
Event: 2.479 Thread 0x000000001c66a000 nmethod 490 0x00000000031fa550 code [0x00000000031fa6a0, 0x00000000031fa7b0]
Event: 2.491 Thread 0x000000001c66a000  491       3       sun.security.util.ManifestEntryVerifier::update (48 bytes)
Event: 2.492 Thread 0x000000001c66a000 nmethod 491 0x00000000031fa810 code [0x00000000031fa9e0, 0x00000000031fb0e8]

GC Heap History (0 events):
No events

Deoptimization events (5 events):
Event: 2.428 Thread 0x0000000002d2e800 Uncommon trap: reason=unstable_if action=reinterpret pc=0x000000000315cf1c method=java.math.BigInteger.addOne([IIII)I @ 55
Event: 2.462 Thread 0x0000000002d2e800 Uncommon trap: reason=unstable_if action=reinterpret pc=0x00000000031c3b60 method=java.util.HashMap.putVal(ILjava/lang/Object;Ljava/lang/Object;ZZ)Ljava/lang/Object; @ 181
Event: 2.462 Thread 0x0000000002d2e800 Uncommon trap: reason=unstable_if action=reinterpret pc=0x00000000031b56d8 method=java.util.HashMap.putVal(ILjava/lang/Object;Ljava/lang/Object;ZZ)Ljava/lang/Object; @ 181
Event: 2.470 Thread 0x0000000002d2e800 Uncommon trap: reason=unstable_if action=reinterpret pc=0x00000000031d9058 method=java.util.HashMap.getNode(ILjava/lang/Object;)Ljava/util/HashMap$Node; @ 116
Event: 2.470 Thread 0x0000000002d2e800 Uncommon trap: reason=unstable_if action=reinterpret pc=0x00000000031d6d84 method=java.util.HashMap.getNode(ILjava/lang/Object;)Ljava/util/HashMap$Node; @ 116

Internal exceptions (6 events):
Event: 1.388 Thread 0x0000000002d2e800 Exception <a 'java/lang/NoSuchMethodError': Method sun.misc.Unsafe.defineClass(Ljava/lang/String;[BII)Ljava/lang/Class; name or signature does not match> (0x000000076ad07ca8) thrown at [C:\re\workspace\8-2-build-windows-amd64-cygwin\jdk8u144\9417\hotspot\
Event: 1.388 Thread 0x0000000002d2e800 Exception <a 'java/lang/NoSuchMethodError': Method sun.misc.Unsafe.prefetchRead(Ljava/lang/Object;J)V name or signature does not match> (0x000000076ad07f90) thrown at [C:\re\workspace\8-2-build-windows-amd64-cygwin\jdk8u144\9417\hotspot\src\share\vm\prims
Event: 2.467 Thread 0x0000000002d2e800 Exception <a 'java/security/PrivilegedActionException'> (0x000000076be53f48) thrown at [C:\re\workspace\8-2-build-windows-amd64-cygwin\jdk8u144\9417\hotspot\src\share\vm\prims\jvm.cpp, line 1390]
Event: 2.467 Thread 0x0000000002d2e800 Exception <a 'java/security/PrivilegedActionException'> (0x000000076be54158) thrown at [C:\re\workspace\8-2-build-windows-amd64-cygwin\jdk8u144\9417\hotspot\src\share\vm\prims\jvm.cpp, line 1390]
Event: 2.467 Thread 0x0000000002d2e800 Exception <a 'java/security/PrivilegedActionException'> (0x000000076be57dc8) thrown at [C:\re\workspace\8-2-build-windows-amd64-cygwin\jdk8u144\9417\hotspot\src\share\vm\prims\jvm.cpp, line 1390]
Event: 2.467 Thread 0x0000000002d2e800 Exception <a 'java/security/PrivilegedActionException'> (0x000000076be57fd8) thrown at [C:\re\workspace\8-2-build-windows-amd64-cygwin\jdk8u144\9417\hotspot\src\share\vm\prims\jvm.cpp, line 1390]

Events (10 events):
Event: 2.475 loading class org/eclipse/osgi/util/NLS$MessagesProperties
Event: 2.475 loading class org/eclipse/osgi/util/NLS$MessagesProperties done
Event: 2.476 loading class sun/reflect/UnsafeFieldAccessorFactory
Event: 2.476 loading class sun/reflect/UnsafeFieldAccessorFactory done
Event: 2.476 loading class sun/reflect/UnsafeStaticObjectFieldAccessorImpl
Event: 2.477 loading class sun/reflect/UnsafeStaticObjectFieldAccessorImpl done
Event: 2.478 loading class org/eclipse/osgi/internal/util/SupplementDebug
Event: 2.478 loading class org/eclipse/osgi/internal/util/SupplementDebug done
Event: 2.479 loading class org/eclipse/core/internal/runtime/InternalPlatform
Event: 2.479 loading class org/eclipse/core/internal/runtime/InternalPlatform done


Dynamic libraries:
0x00007ff757700000 - 0x00007ff757737000 	C:\Program Files\Java\jre1.8.0_144\bin\javaw.exe
0x00007ffd8e0a0000 - 0x00007ffd8e290000 	C:\WINDOWS\SYSTEM32\ntdll.dll
0x00007ffd8c150000 - 0x00007ffd8c202000 	C:\WINDOWS\System32\KERNEL32.DLL
0x00007ffd8bc20000 - 0x00007ffd8bec3000 	C:\WINDOWS\System32\KERNELBASE.dll
0x00007ffd8d700000 - 0x00007ffd8d7a3000 	C:\WINDOWS\System32\ADVAPI32.dll
0x00007ffd8d280000 - 0x00007ffd8d31e000 	C:\WINDOWS\System32\msvcrt.dll
0x00007ffd8c3b0000 - 0x00007ffd8c447000 	C:\WINDOWS\System32\sechost.dll
0x00007ffd8c5f0000 - 0x00007ffd8c710000 	C:\WINDOWS\System32\RPCRT4.dll
0x00007ffd8c210000 - 0x00007ffd8c3a4000 	C:\WINDOWS\System32\USER32.dll
0x00007ffd8ba50000 - 0x00007ffd8ba71000 	C:\WINDOWS\System32\win32u.dll
0x00007ffd8dd90000 - 0x00007ffd8ddb6000 	C:\WINDOWS\System32\GDI32.dll
0x00007ffd8ba80000 - 0x00007ffd8bc14000 	C:\WINDOWS\System32\gdi32full.dll
0x00007ffd8c0b0000 - 0x00007ffd8c14e000 	C:\WINDOWS\System32\msvcp_win.dll
0x00007ffd8b950000 - 0x00007ffd8ba4a000 	C:\WINDOWS\System32\ucrtbase.dll
0x00007ffd7cdd0000 - 0x00007ffd7d055000 	C:\WINDOWS\WinSxS\amd64_microsoft.windows.common-controls_6595b64144ccf1df_6.0.18362.418_none_e6c6b287130d565d\COMCTL32.dll
0x00007ffd8d350000 - 0x00007ffd8d686000 	C:\WINDOWS\System32\combase.dll
0x00007ffd8b800000 - 0x00007ffd8b880000 	C:\WINDOWS\System32\bcryptPrimitives.dll
0x00007ffd8d320000 - 0x00007ffd8d34e000 	C:\WINDOWS\System32\IMM32.DLL
0x0000000072150000 - 0x0000000072222000 	C:\Program Files\Java\jre1.8.0_144\bin\msvcr100.dll
0x0000000072280000 - 0x0000000072b1d000 	C:\Program Files\Java\jre1.8.0_144\bin\server\jvm.dll
0x00007ffd8c930000 - 0x00007ffd8c938000 	C:\WINDOWS\System32\PSAPI.DLL
0x00007ffd79ff0000 - 0x00007ffd79ff9000 	C:\WINDOWS\SYSTEM32\WSOCK32.dll
0x00007ffd8d690000 - 0x00007ffd8d6ff000 	C:\WINDOWS\System32\WS2_32.dll
0x00007ffd87c30000 - 0x00007ffd87c54000 	C:\WINDOWS\SYSTEM32\WINMM.dll
0x00007ffd842c0000 - 0x00007ffd842ca000 	C:\WINDOWS\SYSTEM32\VERSION.dll
0x00007ffd87c00000 - 0x00007ffd87c2d000 	C:\WINDOWS\SYSTEM32\WINMMBASE.dll
0x00007ffd8b7b0000 - 0x00007ffd8b7fa000 	C:\WINDOWS\System32\cfgmgr32.dll
0x0000000077050000 - 0x000000007705f000 	C:\Program Files\Java\jre1.8.0_144\bin\verify.dll
0x0000000077020000 - 0x0000000077049000 	C:\Program Files\Java\jre1.8.0_144\bin\java.dll
0x0000000077000000 - 0x0000000077016000 	C:\Program Files\Java\jre1.8.0_144\bin\zip.dll
0x00007ffd8ca20000 - 0x00007ffd8d105000 	C:\WINDOWS\System32\SHELL32.dll
0x00007ffd8dcd0000 - 0x00007ffd8dd79000 	C:\WINDOWS\System32\shcore.dll
0x00007ffd8b030000 - 0x00007ffd8b7af000 	C:\WINDOWS\System32\windows.storage.dll
0x00007ffd8afa0000 - 0x00007ffd8afbf000 	C:\WINDOWS\System32\profapi.dll
0x00007ffd8afc0000 - 0x00007ffd8b00a000 	C:\WINDOWS\System32\powrprof.dll
0x00007ffd8af70000 - 0x00007ffd8af80000 	C:\WINDOWS\System32\UMPDC.dll
0x00007ffd8c9c0000 - 0x00007ffd8ca12000 	C:\WINDOWS\System32\shlwapi.dll
0x00007ffd8af80000 - 0x00007ffd8af91000 	C:\WINDOWS\System32\kernel.appcore.dll
0x00007ffd8b930000 - 0x00007ffd8b947000 	C:\WINDOWS\System32\cryptsp.dll

VM Arguments:
jvm_args: -Dfile.encoding=Cp1252 
java_command: tdt4250.m2t.main.HTMLGenerator D:/eclipse-workspace/org.eclipse.NTNU.studymodel/model/Department.xmi D:/eclipse-workspace/tdt4250.m2t/test
java_class_path (initial): C:\Users\Jonas\.p2\pool\plugins\org.eclipse.pde.ds.lib_1.1.300.v20190417-0900\annotations.jar;C:\Users\Jonas\.p2\pool\plugins\org.eclipse.core.runtime_3.16.0.v20190823-1314.jar;C:\Users\Jonas\.p2\pool\plugins\org.eclipse.osgi_3.15.0.v20190830-1434.jar;C:\Users\Jonas\.p2\pool\plugins\org.eclipse.osgi.compatibility.state_1.1.600.v20190814-1451.jar;C:\Users\Jonas\.p2\pool\plugins\org.eclipse.equinox.common_3.10.500.v20190815-1535.jar;C:\Users\Jonas\.p2\pool\plugins\org.eclipse.core.jobs_3.10.500.v20190620-1426.jar;C:\Users\Jonas\.p2\pool\plugins\org.eclipse.equinox.registry_3.8.500.v20190714-1850.jar;C:\Users\Jonas\.p2\pool\plugins\org.eclipse.equinox.preferences_3.7.500.v20190815-1535.jar;C:\Users\Jonas\.p2\pool\plugins\org.eclipse.core.contenttype_3.7.400.v20190624-1144.jar;C:\Users\Jonas\.p2\pool\plugins\org.eclipse.equinox.app_1.4.300.v20190815-1535.jar;C:\Users\Jonas\.p2\pool\plugins\org.eclipse.emf.ecore_2.19.0.v20190822-1451.jar;C:\Users\Jonas\.p2\pool\plugins\org.eclipse.emf.common_2.16.0.v20190625-1131.jar;C:\Users\Jonas\.p2\pool\plugins\org.eclipse.emf.ecore.xmi_2.16.0.v20190528-0725.jar;C:\Users\Jonas\.p2\pool\plugins\org.eclipse.ocl_3.10.400.v20190910-0937.jar;C:\Users\Jonas\.p2\pool\plugins\lpg.runtime.java_2.0.17.v201004271640.jar;C:\Users\Jonas\.p2\pool\plugins\org.eclipse.ocl.common_1.8.400.v20190910-0937.jar;C:\Users\Jonas\.p2\pool\plugins\org.eclipse.ocl.ecore_3.14.0.v20190910-0937.jar;C:\Users\Jonas\.p2\pool\plugins\org.eclipse.acceleo.common_3.7.8.201902261618.jar;C:\Users\Jonas\.p2\pool\plugins\org.eclipse.acceleo.model_3.7.8.201902261618.jar;C:\Users\Jonas\.p2\pool\plugins\org.eclipse.acceleo.profiler_3.7.8.201902261618.jar;C:\Users\Jonas\.p2\pool\plugins\org.eclipse.acceleo.engine_3.7.8.201902261618.jar;C:\Users\Jonas\.p2\pool\plugins\org.eclipse.emf.codegen.ecore_2.19.0.v20190822-1451.jar;C:\Users\Jonas\.p2\pool\plugins\org.eclipse.emf.codegen_2.19.0.v20190821-1536.jar;C:\Users\Jonas\.p2\pool\plugins\com.google.guava
Launcher Type: SUN_STANDARD

Environment Variables:
PATH=C:/Program Files/Java/jre1.8.0_144/bin/server;C:/Program Files/Java/jre1.8.0_144/bin;C:/Program Files/Java/jre1.8.0_144/lib/amd64;C:\Python27\;C:\Python27\Scripts;C:\Program Files (x86)\Common Files\Intel\Shared Libraries\redist\intel64\compiler;C:\ProgramData\Oracle\Java\javapath;C:\Program Files (x86)\NVIDIA Corporation\PhysX\Common;C:\WINDOWS\system32;C:\WINDOWS;C:\WINDOWS\System32\Wbem;C:\WINDOWS\System32\WindowsPowerShell\v1.0\;C:\Program Files (x86)\ATI Technologies\ATI.ACE\Core-Static;C:\Program Files (x86)\QuickTime\QTSystem\;C:\Program Files\PuTTY\;C:\ProgramData\chocolatey\bin;C:\Program Files\Git\cmd;C:\Program Files\MikTeX\miktex\bin\x64\;C:\WINDOWS\System32\OpenSSH\;C:\Program Files\nodejs\;D:\Programs\Mozart\bin;C:\Program Files\dotnet\;C:\Python36\Scripts\;C:\Python36\;C:\Program Files\Java\jdk1.8.0_144\bin;C:\Python27;D:\Xampp\php;C:\Users\Jonas\AppData\Local\Microsoft\WindowsApps;C:\Program Files\JetBrains\IntelliJ IDEA 2018.3.1\bin;;D:\Programs\Microsoft VS Code\bin;D:\android-sdk\tools\bin\platform-tools;C:\Users\Jonas\AppData\Roaming\npm;;D:\Programs\Eclipse\modeling-latest-released\eclipse;
USERNAME=Jonas
OS=Windows_NT
PROCESSOR_IDENTIFIER=Intel64 Family 6 Model 42 Stepping 7, GenuineIntel



---------------  S Y S T E M  ---------------

OS: Windows 10.0 , 64 bit Build 18362 (10.0.18362.329)

CPU:total 4 (initial active 4) (4 cores per cpu, 1 threads per core) family 6 model 42 stepping 7, cmov, cx8, fxsr, mmx, sse, sse2, sse3, ssse3, sse4.1, sse4.2, popcnt, avx, aes, clmul, tsc, tscinvbit

Memory: 4k page, physical 16751688k(1442808k free), swap 24007748k(2644k free)

vm_info: Java HotSpot(TM) 64-Bit Server VM (25.144-b01) for windows-amd64 JRE (1.8.0_144-b01), built on Jul 21 2017 21:57:33 by "java_re" with MS VC++ 10.0 (VS2010)

time: Tue Oct 15 18:53:54 2019
elapsed time: 2 seconds (0d 0h 0m 2s)

